2025-04-07T16:22:04.879581-0300 INFO Chamando função 'calcular_kpi_consolidado' com args () e kwargs {'pasta': 'data', 'formato_saida': ['csv', 'parquet']} utils.py
2025-04-07T16:22:04.879581-0300 INFO Chamando função 'extrair_dados' com args () e kwargs {'path': 'data'} utils.py
2025-04-07T16:22:04.908713-0300 INFO Função 'extrair_dados' retornou                        Produto         Categoria  Quantidade  Venda      Data
0               Notebook Gamer       Eletrônicos           3   1500  23-01-15
1                   Smartphone       Eletrônicos           5   1200  23-01-15
2           Cafeteira Elétrica  Eletrodomésticos           2    350  23-01-15
3                 Televisão 4K       Eletrônicos           4   2800  23-01-15
4               Geladeira Inox  Eletrodomésticos           1   3100  23-01-15
5     Fone de Ouvido Bluetooth        Acessórios          10    150  23-01-15
6          Tablet 10 polegadas       Eletrônicos           2    950  23-01-15
7    Impressora Multifuncional       Informática           3    600  23-01-15
8           Ventilador de Mesa  Eletrodomésticos           6    180  23-01-15
9                  Mouse Gamer       Informática           7    200  23-01-15
10                  Smartwatch        Acessórios           4    750  23-01-15
11        Console de Videogame       Eletrônicos           2   2200  23-01-15
12               Fogão 4 Bocas  Eletrodomésticos           1   1200  23-01-15
13            Teclado Mecânico       Informática           5    450  23-01-15
14                 Micro-ondas  Eletrodomésticos           2    700  23-01-15
15             Monitor LED 24"       Informática           3    950  23-01-15
16             Aspirador de Pó  Eletrodomésticos           2    400  23-01-15
17      Caixa de Som Bluetooth        Acessórios           6    300  23-01-15
18              Webcam Full HD       Informática           4    250  23-01-15
19       Ar-Condicionado Split  Eletrodomésticos           1   2500  23-01-15
20               Headset Gamer        Acessórios           4    320  23-01-16
21          Notebook Ultrafino       Eletrônicos           2   2300  23-01-16
22             Panela Elétrica  Eletrodomésticos           5    280  23-01-16
23            Roteador Wi-Fi 6       Informática           3    470  23-01-16
24              Liquidificador  Eletrodomésticos           6    210  23-01-16
25            Drone com Câmera       Eletrônicos           1   1850  23-01-16
26         Carregador Portátil        Acessórios           8    120  23-01-16
27       Scanner de Documentos       Informática           2    860  23-01-16
28                    Frigobar  Eletrodomésticos           1    950  23-01-16
29              TV Box Android       Eletrônicos           5    300  23-01-16
30                   Hub USB-C       Informática           7    180  23-01-16
31             Relógio Digital        Acessórios           6    220  23-01-16
32               Caixa Térmica        Utilidades           3    150  23-01-16
33  Leitor de Código de Barras       Informática           2    490  23-01-16
34           Chaleira Elétrica  Eletrodomésticos           4    200  23-01-16
35              Câmera Digital       Eletrônicos           1   1450  23-01-16
36              Antena Digital        Acessórios           9     90  23-01-16
37               Estabilizador       Informática           3    350  23-01-16
38              Forno Elétrico  Eletrodomésticos           2    670  23-01-16
39                   Cabo HDMI        Acessórios          10     40  23-01-16
40        Batedeira Planetária  Eletrodomésticos           2    580  23-01-17
41           Projetor Portátil       Eletrônicos           1   1300  23-01-17
42               Cadeira Gamer        Acessórios           1    980  23-01-17
43            Estação de Solda       Informática           2    430  23-01-17
44           Secador de Cabelo  Eletrodomésticos           4    260  23-01-17
45           Monitor Curvo 27"       Informática           2   1250  23-01-17
46       Luminária LED de Mesa        Acessórios           6    110  23-01-17
47            Mini Processador  Eletrodomésticos           3    190  23-01-17
48            Teclado Wireless       Informática           5    210  23-01-17
49          Aquecedor Elétrico  Eletrodomésticos           1    890  23-01-17
50             Notebook 2 em 1       Eletrônicos           2   2700  23-01-17
51             Pen Drive 128GB        Acessórios           8     95  23-01-17
52           Extensão Elétrica        Acessórios          10     45  23-01-17
53             Filtro de Linha        Acessórios           6     65  23-01-17
54                 Hub USB 3.0       Informática           4    150  23-01-17
55           Máquina de Waffle  Eletrodomésticos           2    230  23-01-17
56         Leitor de Cartão SD        Acessórios           5     60  23-01-17
57            Power Bank Solar        Acessórios           3    180  23-01-17
58             Repetidor Wi-Fi       Informática           4    130  23-01-17
59                Smart TV 50"       Eletrônicos           1   3200  23-01-17 utils.py
2025-04-07T16:22:04.915616-0300 INFO Chamando função 'calcular_total' com args (                       Produto         Categoria  Quantidade  Venda      Data
0               Notebook Gamer       Eletrônicos           3   1500  23-01-15
1                   Smartphone       Eletrônicos           5   1200  23-01-15
2           Cafeteira Elétrica  Eletrodomésticos           2    350  23-01-15
3                 Televisão 4K       Eletrônicos           4   2800  23-01-15
4               Geladeira Inox  Eletrodomésticos           1   3100  23-01-15
5     Fone de Ouvido Bluetooth        Acessórios          10    150  23-01-15
6          Tablet 10 polegadas       Eletrônicos           2    950  23-01-15
7    Impressora Multifuncional       Informática           3    600  23-01-15
8           Ventilador de Mesa  Eletrodomésticos           6    180  23-01-15
9                  Mouse Gamer       Informática           7    200  23-01-15
10                  Smartwatch        Acessórios           4    750  23-01-15
11        Console de Videogame       Eletrônicos           2   2200  23-01-15
12               Fogão 4 Bocas  Eletrodomésticos           1   1200  23-01-15
13            Teclado Mecânico       Informática           5    450  23-01-15
14                 Micro-ondas  Eletrodomésticos           2    700  23-01-15
15             Monitor LED 24"       Informática           3    950  23-01-15
16             Aspirador de Pó  Eletrodomésticos           2    400  23-01-15
17      Caixa de Som Bluetooth        Acessórios           6    300  23-01-15
18              Webcam Full HD       Informática           4    250  23-01-15
19       Ar-Condicionado Split  Eletrodomésticos           1   2500  23-01-15
20               Headset Gamer        Acessórios           4    320  23-01-16
21          Notebook Ultrafino       Eletrônicos           2   2300  23-01-16
22             Panela Elétrica  Eletrodomésticos           5    280  23-01-16
23            Roteador Wi-Fi 6       Informática           3    470  23-01-16
24              Liquidificador  Eletrodomésticos           6    210  23-01-16
25            Drone com Câmera       Eletrônicos           1   1850  23-01-16
26         Carregador Portátil        Acessórios           8    120  23-01-16
27       Scanner de Documentos       Informática           2    860  23-01-16
28                    Frigobar  Eletrodomésticos           1    950  23-01-16
29              TV Box Android       Eletrônicos           5    300  23-01-16
30                   Hub USB-C       Informática           7    180  23-01-16
31             Relógio Digital        Acessórios           6    220  23-01-16
32               Caixa Térmica        Utilidades           3    150  23-01-16
33  Leitor de Código de Barras       Informática           2    490  23-01-16
34           Chaleira Elétrica  Eletrodomésticos           4    200  23-01-16
35              Câmera Digital       Eletrônicos           1   1450  23-01-16
36              Antena Digital        Acessórios           9     90  23-01-16
37               Estabilizador       Informática           3    350  23-01-16
38              Forno Elétrico  Eletrodomésticos           2    670  23-01-16
39                   Cabo HDMI        Acessórios          10     40  23-01-16
40        Batedeira Planetária  Eletrodomésticos           2    580  23-01-17
41           Projetor Portátil       Eletrônicos           1   1300  23-01-17
42               Cadeira Gamer        Acessórios           1    980  23-01-17
43            Estação de Solda       Informática           2    430  23-01-17
44           Secador de Cabelo  Eletrodomésticos           4    260  23-01-17
45           Monitor Curvo 27"       Informática           2   1250  23-01-17
46       Luminária LED de Mesa        Acessórios           6    110  23-01-17
47            Mini Processador  Eletrodomésticos           3    190  23-01-17
48            Teclado Wireless       Informática           5    210  23-01-17
49          Aquecedor Elétrico  Eletrodomésticos           1    890  23-01-17
50             Notebook 2 em 1       Eletrônicos           2   2700  23-01-17
51             Pen Drive 128GB        Acessórios           8     95  23-01-17
52           Extensão Elétrica        Acessórios          10     45  23-01-17
53             Filtro de Linha        Acessórios           6     65  23-01-17
54                 Hub USB 3.0       Informática           4    150  23-01-17
55           Máquina de Waffle  Eletrodomésticos           2    230  23-01-17
56         Leitor de Cartão SD        Acessórios           5     60  23-01-17
57            Power Bank Solar        Acessórios           3    180  23-01-17
58             Repetidor Wi-Fi       Informática           4    130  23-01-17
59                Smart TV 50"       Eletrônicos           1   3200  23-01-17,) e kwargs {} utils.py
2025-04-07T16:22:04.925414-0300 INFO Função 'calcular_total' retornou                        Produto         Categoria  Quantidade  Venda      Data  Total
0               Notebook Gamer       Eletrônicos           3   1500  23-01-15   4500
1                   Smartphone       Eletrônicos           5   1200  23-01-15   6000
2           Cafeteira Elétrica  Eletrodomésticos           2    350  23-01-15    700
3                 Televisão 4K       Eletrônicos           4   2800  23-01-15  11200
4               Geladeira Inox  Eletrodomésticos           1   3100  23-01-15   3100
5     Fone de Ouvido Bluetooth        Acessórios          10    150  23-01-15   1500
6          Tablet 10 polegadas       Eletrônicos           2    950  23-01-15   1900
7    Impressora Multifuncional       Informática           3    600  23-01-15   1800
8           Ventilador de Mesa  Eletrodomésticos           6    180  23-01-15   1080
9                  Mouse Gamer       Informática           7    200  23-01-15   1400
10                  Smartwatch        Acessórios           4    750  23-01-15   3000
11        Console de Videogame       Eletrônicos           2   2200  23-01-15   4400
12               Fogão 4 Bocas  Eletrodomésticos           1   1200  23-01-15   1200
13            Teclado Mecânico       Informática           5    450  23-01-15   2250
14                 Micro-ondas  Eletrodomésticos           2    700  23-01-15   1400
15             Monitor LED 24"       Informática           3    950  23-01-15   2850
16             Aspirador de Pó  Eletrodomésticos           2    400  23-01-15    800
17      Caixa de Som Bluetooth        Acessórios           6    300  23-01-15   1800
18              Webcam Full HD       Informática           4    250  23-01-15   1000
19       Ar-Condicionado Split  Eletrodomésticos           1   2500  23-01-15   2500
20               Headset Gamer        Acessórios           4    320  23-01-16   1280
21          Notebook Ultrafino       Eletrônicos           2   2300  23-01-16   4600
22             Panela Elétrica  Eletrodomésticos           5    280  23-01-16   1400
23            Roteador Wi-Fi 6       Informática           3    470  23-01-16   1410
24              Liquidificador  Eletrodomésticos           6    210  23-01-16   1260
25            Drone com Câmera       Eletrônicos           1   1850  23-01-16   1850
26         Carregador Portátil        Acessórios           8    120  23-01-16    960
27       Scanner de Documentos       Informática           2    860  23-01-16   1720
28                    Frigobar  Eletrodomésticos           1    950  23-01-16    950
29              TV Box Android       Eletrônicos           5    300  23-01-16   1500
30                   Hub USB-C       Informática           7    180  23-01-16   1260
31             Relógio Digital        Acessórios           6    220  23-01-16   1320
32               Caixa Térmica        Utilidades           3    150  23-01-16    450
33  Leitor de Código de Barras       Informática           2    490  23-01-16    980
34           Chaleira Elétrica  Eletrodomésticos           4    200  23-01-16    800
35              Câmera Digital       Eletrônicos           1   1450  23-01-16   1450
36              Antena Digital        Acessórios           9     90  23-01-16    810
37               Estabilizador       Informática           3    350  23-01-16   1050
38              Forno Elétrico  Eletrodomésticos           2    670  23-01-16   1340
39                   Cabo HDMI        Acessórios          10     40  23-01-16    400
40        Batedeira Planetária  Eletrodomésticos           2    580  23-01-17   1160
41           Projetor Portátil       Eletrônicos           1   1300  23-01-17   1300
42               Cadeira Gamer        Acessórios           1    980  23-01-17    980
43            Estação de Solda       Informática           2    430  23-01-17    860
44           Secador de Cabelo  Eletrodomésticos           4    260  23-01-17   1040
45           Monitor Curvo 27"       Informática           2   1250  23-01-17   2500
46       Luminária LED de Mesa        Acessórios           6    110  23-01-17    660
47            Mini Processador  Eletrodomésticos           3    190  23-01-17    570
48            Teclado Wireless       Informática           5    210  23-01-17   1050
49          Aquecedor Elétrico  Eletrodomésticos           1    890  23-01-17    890
50             Notebook 2 em 1       Eletrônicos           2   2700  23-01-17   5400
51             Pen Drive 128GB        Acessórios           8     95  23-01-17    760
52           Extensão Elétrica        Acessórios          10     45  23-01-17    450
53             Filtro de Linha        Acessórios           6     65  23-01-17    390
54                 Hub USB 3.0       Informática           4    150  23-01-17    600
55           Máquina de Waffle  Eletrodomésticos           2    230  23-01-17    460
56         Leitor de Cartão SD        Acessórios           5     60  23-01-17    300
57            Power Bank Solar        Acessórios           3    180  23-01-17    540
58             Repetidor Wi-Fi       Informática           4    130  23-01-17    520
59                Smart TV 50"       Eletrônicos           1   3200  23-01-17   3200 utils.py
2025-04-07T16:22:04.933189-0300 INFO Chamando função 'carregar_dados' com args (                       Produto         Categoria  Quantidade  Venda      Data  Total
0               Notebook Gamer       Eletrônicos           3   1500  23-01-15   4500
1                   Smartphone       Eletrônicos           5   1200  23-01-15   6000
2           Cafeteira Elétrica  Eletrodomésticos           2    350  23-01-15    700
3                 Televisão 4K       Eletrônicos           4   2800  23-01-15  11200
4               Geladeira Inox  Eletrodomésticos           1   3100  23-01-15   3100
5     Fone de Ouvido Bluetooth        Acessórios          10    150  23-01-15   1500
6          Tablet 10 polegadas       Eletrônicos           2    950  23-01-15   1900
7    Impressora Multifuncional       Informática           3    600  23-01-15   1800
8           Ventilador de Mesa  Eletrodomésticos           6    180  23-01-15   1080
9                  Mouse Gamer       Informática           7    200  23-01-15   1400
10                  Smartwatch        Acessórios           4    750  23-01-15   3000
11        Console de Videogame       Eletrônicos           2   2200  23-01-15   4400
12               Fogão 4 Bocas  Eletrodomésticos           1   1200  23-01-15   1200
13            Teclado Mecânico       Informática           5    450  23-01-15   2250
14                 Micro-ondas  Eletrodomésticos           2    700  23-01-15   1400
15             Monitor LED 24"       Informática           3    950  23-01-15   2850
16             Aspirador de Pó  Eletrodomésticos           2    400  23-01-15    800
17      Caixa de Som Bluetooth        Acessórios           6    300  23-01-15   1800
18              Webcam Full HD       Informática           4    250  23-01-15   1000
19       Ar-Condicionado Split  Eletrodomésticos           1   2500  23-01-15   2500
20               Headset Gamer        Acessórios           4    320  23-01-16   1280
21          Notebook Ultrafino       Eletrônicos           2   2300  23-01-16   4600
22             Panela Elétrica  Eletrodomésticos           5    280  23-01-16   1400
23            Roteador Wi-Fi 6       Informática           3    470  23-01-16   1410
24              Liquidificador  Eletrodomésticos           6    210  23-01-16   1260
25            Drone com Câmera       Eletrônicos           1   1850  23-01-16   1850
26         Carregador Portátil        Acessórios           8    120  23-01-16    960
27       Scanner de Documentos       Informática           2    860  23-01-16   1720
28                    Frigobar  Eletrodomésticos           1    950  23-01-16    950
29              TV Box Android       Eletrônicos           5    300  23-01-16   1500
30                   Hub USB-C       Informática           7    180  23-01-16   1260
31             Relógio Digital        Acessórios           6    220  23-01-16   1320
32               Caixa Térmica        Utilidades           3    150  23-01-16    450
33  Leitor de Código de Barras       Informática           2    490  23-01-16    980
34           Chaleira Elétrica  Eletrodomésticos           4    200  23-01-16    800
35              Câmera Digital       Eletrônicos           1   1450  23-01-16   1450
36              Antena Digital        Acessórios           9     90  23-01-16    810
37               Estabilizador       Informática           3    350  23-01-16   1050
38              Forno Elétrico  Eletrodomésticos           2    670  23-01-16   1340
39                   Cabo HDMI        Acessórios          10     40  23-01-16    400
40        Batedeira Planetária  Eletrodomésticos           2    580  23-01-17   1160
41           Projetor Portátil       Eletrônicos           1   1300  23-01-17   1300
42               Cadeira Gamer        Acessórios           1    980  23-01-17    980
43            Estação de Solda       Informática           2    430  23-01-17    860
44           Secador de Cabelo  Eletrodomésticos           4    260  23-01-17   1040
45           Monitor Curvo 27"       Informática           2   1250  23-01-17   2500
46       Luminária LED de Mesa        Acessórios           6    110  23-01-17    660
47            Mini Processador  Eletrodomésticos           3    190  23-01-17    570
48            Teclado Wireless       Informática           5    210  23-01-17   1050
49          Aquecedor Elétrico  Eletrodomésticos           1    890  23-01-17    890
50             Notebook 2 em 1       Eletrônicos           2   2700  23-01-17   5400
51             Pen Drive 128GB        Acessórios           8     95  23-01-17    760
52           Extensão Elétrica        Acessórios          10     45  23-01-17    450
53             Filtro de Linha        Acessórios           6     65  23-01-17    390
54                 Hub USB 3.0       Informática           4    150  23-01-17    600
55           Máquina de Waffle  Eletrodomésticos           2    230  23-01-17    460
56         Leitor de Cartão SD        Acessórios           5     60  23-01-17    300
57            Power Bank Solar        Acessórios           3    180  23-01-17    540
58             Repetidor Wi-Fi       Informática           4    130  23-01-17    520
59                Smart TV 50"       Eletrônicos           1   3200  23-01-17   3200, ['csv', 'parquet']) e kwargs {} utils.py
2025-04-07T16:22:05.760578-0300 INFO Função 'carregar_dados' retornou None utils.py
2025-04-07T16:22:05.760578-0300 INFO Função 'calcular_kpi_consolidado' retornou None utils.py
